[    5627ms] [LOG] [harness] rendered ok (3 lines) @ http://localhost:8765/harness.bundle.js:171018
[   19924ms] [LOG] [harness] visual editor activated @ http://localhost:8765/harness.bundle.js:171018
[   19994ms] [LOG] [harness] source changed @ http://localhost:8765/harness.bundle.js:171018
[   20146ms] [LOG] [harness] rendered ok (2 lines) @ http://localhost:8765/harness.bundle.js:171018
[   52897ms] [LOG] [harness] rendered ok (5 lines) @ http://localhost:8765/harness.bundle.js:171018
[   52938ms] [LOG] [harness] visual editor activated @ http://localhost:8765/harness.bundle.js:171018
[   53202ms] [LOG] [harness] source changed @ http://localhost:8765/harness.bundle.js:171018
[   53505ms] [LOG] [harness] rendered ok (4 lines) @ http://localhost:8765/harness.bundle.js:171018
[   53705ms] [LOG] [harness] source changed @ http://localhost:8765/harness.bundle.js:171018
[   53871ms] [LOG] [harness] rendered ok (3 lines) @ http://localhost:8765/harness.bundle.js:171018
[   54174ms] [LOG] [harness] source changed @ http://localhost:8765/harness.bundle.js:171018
[   54351ms] [LOG] [harness] rendered ok (2 lines) @ http://localhost:8765/harness.bundle.js:171018
[   76114ms] [LOG] [harness] rendered ok (3 lines) @ http://localhost:8765/harness.bundle.js:171018
[   76115ms] [LOG] [harness] visual editor activated @ http://localhost:8765/harness.bundle.js:171018
[   76443ms] [LOG] [harness] source changed @ http://localhost:8765/harness.bundle.js:171018
[   76627ms] [LOG] [harness] rendered ok (4 lines) @ http://localhost:8765/harness.bundle.js:171018
[  132200ms] [LOG] [harness] rendered ok (12 lines) @ http://localhost:8765/harness.bundle.js:171018
[  132289ms] [LOG] [harness] visual editor activated @ http://localhost:8765/harness.bundle.js:171018
[  132717ms] [LOG] [harness] source changed @ http://localhost:8765/harness.bundle.js:171018
[  135927ms] [LOG] [harness] rendered ok (11 lines) @ http://localhost:8765/harness.bundle.js:171018
[  136060ms] [LOG] [harness] source changed @ http://localhost:8765/harness.bundle.js:171018
[  136476ms] [LOG] [harness] rendered ok (9 lines) @ http://localhost:8765/harness.bundle.js:171018
